# JRE version: OpenJDK Runtime Environment (11.0.12+7) (build 11.0.12+7-b1504.28-7817840)
# Java VM: OpenJDK 64-Bit Server VM (11.0.12+7-b1504.28-7817840, mixed mode, tiered, compressed oops, g1 gc, windows-amd64)
Heap:
 garbage-first heap   total 443392K, used 160545K [0x0000000080000000, 0x0000000100000000)
  region size 1024K, 4 young (4096K), 4 survivors (4096K)
 Metaspace       used 126164K, capacity 129624K, committed 129792K, reserved 1163264K
  class space    used 15624K, capacity 16832K, committed 16896K, reserved 1048576K
GC Heap History (20 events):
Event: 609.138 GC heap after
{Heap after GC invocations=65 (full 0):
 garbage-first heap   total 225280K, used 168633K [0x0000000080000000, 0x0000000100000000)
  region size 1024K, 4 young (4096K), 4 survivors (4096K)
 Metaspace       used 118311K, capacity 121743K, committed 121984K, reserved 1155072K
  class space    used 14742K, capacity 15935K, committed 16000K, reserved 1048576K
}
Event: 609.179 GC heap before
{Heap before GC invocations=65 (full 0):
 garbage-first heap   total 225280K, used 175801K [0x0000000080000000, 0x0000000100000000)
  region size 1024K, 11 young (11264K), 4 survivors (4096K)
 Metaspace       used 118355K, capacity 121743K, committed 121984K, reserved 1155072K
  class space    used 14742K, capacity 15935K, committed 16000K, reserved 1048576K
}
Event: 609.188 GC heap after
{Heap after GC invocations=66 (full 0):
 garbage-first heap   total 225280K, used 150393K [0x0000000080000000, 0x0000000100000000)
  region size 1024K, 2 young (2048K), 2 survivors (2048K)
 Metaspace       used 118355K, capacity 121743K, committed 121984K, reserved 1155072K
  class space    used 14742K, capacity 15935K, committed 16000K, reserved 1048576K
}
Event: 609.228 GC heap before
{Heap before GC invocations=66 (full 0):
 garbage-first heap   total 225280K, used 158585K [0x0000000080000000, 0x0000000100000000)
  region size 1024K, 11 young (11264K), 2 survivors (2048K)
 Metaspace       used 118451K, capacity 121871K, committed 121984K, reserved 1155072K
  class space    used 14742K, capacity 15935K, committed 16000K, reserved 1048576K
}
Event: 609.234 GC heap after
{Heap after GC invocations=67 (full 0):
 garbage-first heap   total 225280K, used 148291K [0x0000000080000000, 0x0000000100000000)
  region size 1024K, 2 young (2048K), 2 survivors (2048K)
 Metaspace       used 118451K, capacity 121871K, committed 121984K, reserved 1155072K
  class space    used 14742K, capacity 15935K, committed 16000K, reserved 1048576K
}
Event: 609.391 GC heap before
{Heap before GC invocations=67 (full 0):
 garbage-first heap   total 225280K, used 177987K [0x0000000080000000, 0x0000000100000000)
  region size 1024K, 32 young (32768K), 2 survivors (2048K)
 Metaspace       used 119075K, capacity 122479K, committed 122752K, reserved 1157120K
  class space    used 14786K, capacity 15967K, committed 16000K, reserved 1048576K
}
Event: 609.394 GC heap after
{Heap after GC invocations=68 (full 0):
 garbage-first heap   total 225280K, used 149285K [0x0000000080000000, 0x0000000100000000)
  region size 1024K, 3 young (3072K), 3 survivors (3072K)
 Metaspace       used 119075K, capacity 122479K, committed 122752K, reserved 1157120K
  class space    used 14786K, capacity 15967K, committed 16000K, reserved 1048576K
}
Event: 609.787 GC heap before
{Heap before GC invocations=68 (full 0):
 garbage-first heap   total 225280K, used 182053K [0x0000000080000000, 0x0000000100000000)
  region size 1024K, 34 young (34816K), 3 survivors (3072K)
 Metaspace       used 119788K, capacity 123140K, committed 123392K, reserved 1157120K
  class space    used 14837K, capacity 16034K, committed 16128K, reserved 1048576K
}
Event: 609.790 GC heap after
{Heap after GC invocations=69 (full 0):
 garbage-first heap   total 225280K, used 149719K [0x0000000080000000, 0x0000000100000000)
  region size 1024K, 3 young (3072K), 3 survivors (3072K)
 Metaspace       used 119788K, capacity 123140K, committed 123392K, reserved 1157120K
  class space    used 14837K, capacity 16034K, committed 16128K, reserved 1048576K
}
Event: 610.381 GC heap before
{Heap before GC invocations=69 (full 0):
 garbage-first heap   total 225280K, used 182487K [0x0000000080000000, 0x0000000100000000)
  region size 1024K, 36 young (36864K), 3 survivors (3072K)
 Metaspace       used 121605K, capacity 125020K, committed 125184K, reserved 1159168K
  class space    used 15071K, capacity 16275K, committed 16384K, reserved 1048576K
}
Event: 610.386 GC heap after
{Heap after GC invocations=70 (full 0):
 garbage-first heap   total 225280K, used 150372K [0x0000000080000000, 0x0000000100000000)
  region size 1024K, 4 young (4096K), 4 survivors (4096K)
 Metaspace       used 121605K, capacity 125020K, committed 125184K, reserved 1159168K
  class space    used 15071K, capacity 16275K, committed 16384K, reserved 1048576K
}
Event: 610.951 GC heap before
{Heap before GC invocations=70 (full 0):
 garbage-first heap   total 225280K, used 184164K [0x0000000080000000, 0x0000000100000000)
  region size 1024K, 38 young (38912K), 4 survivors (4096K)
 Metaspace       used 124170K, capacity 127580K, committed 127744K, reserved 1161216K
  class space    used 15405K, capacity 16595K, committed 16640K, reserved 1048576K
}
Event: 610.956 GC heap after
{Heap after GC invocations=71 (full 0):
 garbage-first heap   total 225280K, used 150943K [0x0000000080000000, 0x0000000100000000)
  region size 1024K, 2 young (2048K), 2 survivors (2048K)
 Metaspace       used 124170K, capacity 127580K, committed 127744K, reserved 1161216K
  class space    used 15405K, capacity 16595K, committed 16640K, reserved 1048576K
}
Event: 611.880 GC heap before
{Heap before GC invocations=71 (full 0):
 garbage-first heap   total 225280K, used 186783K [0x0000000080000000, 0x0000000100000000)
  region size 1024K, 38 young (38912K), 2 survivors (2048K)
 Metaspace       used 124686K, capacity 128109K, committed 128256K, reserved 1161216K
  class space    used 15439K, capacity 16636K, committed 16640K, reserved 1048576K
}
Event: 611.932 GC heap after
{Heap after GC invocations=72 (full 0):
 garbage-first heap   total 225280K, used 153815K [0x0000000080000000, 0x0000000100000000)
  region size 1024K, 5 young (5120K), 5 survivors (5120K)
 Metaspace       used 124686K, capacity 128109K, committed 128256K, reserved 1161216K
  class space    used 15439K, capacity 16636K, committed 16640K, reserved 1048576K
}
Event: 612.296 GC heap before
{Heap before GC invocations=72 (full 0):
 garbage-first heap   total 225280K, used 188631K [0x0000000080000000, 0x0000000100000000)
  region size 1024K, 40 young (40960K), 5 survivors (5120K)
 Metaspace       used 124807K, capacity 128288K, committed 128640K, reserved 1161216K
  class space    used 15451K, capacity 16648K, committed 16768K, reserved 1048576K
}
Event: 612.349 GC heap after
{Heap after GC invocations=73 (full 0):
 garbage-first heap   total 225280K, used 154376K [0x0000000080000000, 0x0000000100000000)
  region size 1024K, 1 young (1024K), 1 survivors (1024K)
 Metaspace       used 124807K, capacity 128288K, committed 128640K, reserved 1161216K
  class space    used 15451K, capacity 16648K, committed 16768K, reserved 1048576K
}
Event: 614.934 GC heap before
{Heap before GC invocations=73 (full 0):
 garbage-first heap   total 225280K, used 190216K [0x0000000080000000, 0x0000000100000000)
  region size 1024K, 37 young (37888K), 1 survivors (1024K)
 Metaspace       used 125829K, capacity 129319K, committed 129536K, reserved 1161216K
  class space    used 15573K, capacity 16777K, committed 16896K, reserved 1048576K
}
Event: 614.963 GC heap after
{Heap after GC invocations=74 (full 0):
 garbage-first heap   total 225280K, used 157186K [0x0000000080000000, 0x0000000100000000)
  region size 1024K, 4 young (4096K), 4 survivors (4096K)
 Metaspace       used 125829K, capacity 129319K, committed 129536K, reserved 1161216K
  class space    used 15573K, capacity 16777K, committed 16896K, reserved 1048576K
}
Event: 616.421 GC heap before
{Heap before GC invocations=74 (full 0):
 garbage-first heap   total 225280K, used 190978K [0x0000000080000000, 0x0000000100000000)
  region size 1024K, 38 young (38912K), 4 survivors (4096K)
 Metaspace       used 126164K, capacity 129624K, committed 129792K, reserved 1163264K
  class space    used 15624K, capacity 16832K, committed 16896K, reserved 1048576K
}

